<?xml version="1.0" encoding="UTF-8"?>
<!-- Generated by org.testng.reporters.JUnitReportReporter -->
<testsuite hostname="DESKTOP-K0JASPE" failures="0" tests="3" name="testRunner.TestRunner" time="17.256" errors="0" timestamp="2025-03-28T12:38:03 IST" skipped="0">
  <testcase classname="testRunner.TestRunner" name="runScenario" time="5.596"/>
  <testcase classname="testRunner.TestRunner" name="runScenario" time="6.690"/>
  <testcase classname="testRunner.TestRunner" name="runScenario" time="4.970"/>
</testsuite> <!-- testRunner.TestRunner -->
