<?xml version="1.0" encoding="UTF-8"?>
<!-- Generated by org.testng.reporters.JUnitReportReporter -->
<testsuite hostname="DESKTOP-K0JASPE" failures="0" tests="1" name="testLayer.HomePageTest" time="0.443" errors="0" timestamp="2025-03-28T17:07:09 IST" skipped="0">
  <testcase classname="testLayer.HomePageTest" name="verify_user_able_to_enter" time="0.443"/>
</testsuite> <!-- testLayer.HomePageTest -->
